<?xml version="1.0" encoding="UTF-8"?>
<!-- Generated by org.testng.reporters.JUnitXMLReporter -->
<testsuite hostname="2030002947" ignored="0" name="Test" tests="30" failures="5" timestamp="15 Nov 2018 00:10:12 GMT" time="31.25" errors="0">
  <testcase name="validation" time="0.731" classname="com.samsung.kidsplay.SchemaValidationTest">
    <failure type="java.io.FileNotFoundException" message="C:\Users\j.ganesan\Downloads\samsungkids\schema.json (The system cannot find the file specified)">
      <![CDATA[java.io.FileNotFoundException: C:\Users\j.ganesan\Downloads\samsungkids\schema.json (The system cannot find the file specified)
	at java.io.FileInputStream.open0(Native Method)
	at java.io.FileInputStream.open(Unknown Source)
	at java.io.FileInputStream.<init>(Unknown Source)
	at com.github.fge.jackson.JsonLoader.fromFile(JsonLoader.java:160)
	at com.samsung.kidsplay.TestBase.ValidationUtils.getJsonNode(ValidationUtils.java:29)
	at com.samsung.kidsplay.TestBase.ValidationUtils.getSchemaNode(ValidationUtils.java:54)
	at com.samsung.kidsplay.TestBase.ValidationUtils.isJsonValid(ValidationUtils.java:98)
	at com.samsung.kidsplay.SchemaValidationTest.validation(SchemaValidationTest.java:35)
... Removed 25 stack frames]]>
    </failure>
  </testcase> <!-- validation -->
  <testcase name="brightcoveConfig" time="8.254" classname="com.samsung.kidsplay.BrightcoveTest"/>
  <testcase name="getSubscriptionUsers" time="0.668" classname="com.samsung.kidsplay.PaymentEndpointTest"/>
  <testcase name="registerUser" time="0.76" classname="com.samsung.kidsplay.AccountEndpointTest"/>
  <testcase name="checkUpdate" time="0.532" classname="com.samsung.kidsplay.CheckEndPointTest"/>
  <testcase name="couponCode" time="0.504" classname="com.samsung.kidsplay.CouponTest"/>
  <testcase name="brightcoveSearch" time="1.68" classname="com.samsung.kidsplay.BrightcoveTest">
    <failure type="java.lang.AssertionError" message="1 expectation failed.
Expected status code &amp;lt;200&amp;gt; but was &amp;lt;415&amp;gt;.
">
      <![CDATA[java.lang.AssertionError: 1 expectation failed.
Expected status code <200> but was <415>.

	at org.codehaus.groovy.runtime.callsite.ConstructorSite$ConstructorSiteNoUnwrap.callConstructor(ConstructorSite.java:84)
	at org.codehaus.groovy.runtime.callsite.CallSiteArray.defaultCallConstructor(CallSiteArray.java:60)
	at org.codehaus.groovy.runtime.callsite.AbstractCallSite.callConstructor(AbstractCallSite.java:235)
	at org.codehaus.groovy.runtime.callsite.AbstractCallSite.callConstructor(AbstractCallSite.java:247)
	at io.restassured.internal.ResponseSpecificationImpl$HamcrestAssertionClosure.validate(ResponseSpecificationImpl.groovy:483)
	at io.restassured.internal.ResponseSpecificationImpl$HamcrestAssertionClosure$validate$1.call(Unknown Source)
	at io.restassured.internal.ResponseSpecificationImpl.validateResponseIfRequired(ResponseSpecificationImpl.groovy:655)
	at org.codehaus.groovy.runtime.callsite.PogoMetaMethodSite$PogoCachedMethodSiteNoUnwrapNoCoerce.invoke(PogoMetaMethodSite.java:210)
	at org.codehaus.groovy.runtime.callsite.PogoMetaMethodSite.callCurrent(PogoMetaMethodSite.java:59)
	at org.codehaus.groovy.runtime.callsite.AbstractCallSite.callCurrent(AbstractCallSite.java:166)
	at io.restassured.internal.ResponseSpecificationImpl.statusCode(ResponseSpecificationImpl.groovy:123)
	at io.restassured.specification.ResponseSpecification$statusCode$0.callCurrent(Unknown Source)
	at io.restassured.internal.ResponseSpecificationImpl.statusCode(ResponseSpecificationImpl.groovy:131)
	at io.restassured.internal.ValidatableResponseOptionsImpl.statusCode(ValidatableResponseOptionsImpl.java:119)
	at com.samsung.kidsplay.BrightcoveTest.brightcoveSearch(BrightcoveTest.java:54)
... Removed 35 stack frames]]>
    </failure>
  </testcase> <!-- brightcoveSearch -->
  <testcase name="updateSubscription" time="0.583" classname="com.samsung.kidsplay.PaymentEndpointTest">
    <failure type="java.lang.AssertionError" message="1 expectation failed.
Expected status code &amp;lt;200&amp;gt; but was &amp;lt;405&amp;gt;.
">
      <![CDATA[java.lang.AssertionError: 1 expectation failed.
Expected status code <200> but was <405>.

	at org.codehaus.groovy.runtime.callsite.ConstructorSite$ConstructorSiteNoUnwrap.callConstructor(ConstructorSite.java:84)
	at org.codehaus.groovy.runtime.callsite.AbstractCallSite.callConstructor(AbstractCallSite.java:247)
	at io.restassured.internal.ResponseSpecificationImpl$HamcrestAssertionClosure.validate(ResponseSpecificationImpl.groovy:483)
	at io.restassured.internal.ResponseSpecificationImpl$HamcrestAssertionClosure$validate$1.call(Unknown Source)
	at io.restassured.internal.ResponseSpecificationImpl.validateResponseIfRequired(ResponseSpecificationImpl.groovy:655)
	at org.codehaus.groovy.runtime.callsite.PogoMetaMethodSite$PogoCachedMethodSiteNoUnwrapNoCoerce.invoke(PogoMetaMethodSite.java:210)
	at org.codehaus.groovy.runtime.callsite.PogoMetaMethodSite.callCurrent(PogoMetaMethodSite.java:59)
	at org.codehaus.groovy.runtime.callsite.AbstractCallSite.callCurrent(AbstractCallSite.java:166)
	at io.restassured.internal.ResponseSpecificationImpl.statusCode(ResponseSpecificationImpl.groovy:123)
	at io.restassured.specification.ResponseSpecification$statusCode$0.callCurrent(Unknown Source)
	at io.restassured.internal.ResponseSpecificationImpl.statusCode(ResponseSpecificationImpl.groovy:131)
	at io.restassured.internal.ValidatableResponseOptionsImpl.statusCode(ValidatableResponseOptionsImpl.java:119)
	at com.samsung.kidsplay.PaymentEndpointTest.updateSubscription(PaymentEndpointTest.java:49)
... Removed 35 stack frames]]>
    </failure>
  </testcase> <!-- updateSubscription -->
  <testcase name="getGoogleAccountUserid" time="0.563" classname="com.samsung.kidsplay.AccountEndpointTest"/>
  <testcase name="checkUpdateFrom" time="0.609" classname="com.samsung.kidsplay.CheckEndPointTest"/>
  <testcase name="couponID" time="0.51" classname="com.samsung.kidsplay.CouponTest"/>
  <testcase name="userLogin" time="0.535" classname="com.samsung.kidsplay.AccountEndpointTest"/>
  <testcase name="updateSubscriptionNext" time="0.492" classname="com.samsung.kidsplay.PaymentEndpointTest"/>
  <testcase name="clientUpdate" time="0.516" classname="com.samsung.kidsplay.CheckEndPointTest"/>
  <testcase name="couponIDCountry" time="0.552" classname="com.samsung.kidsplay.CouponTest">
    <failure type="java.lang.AssertionError" message="1 expectation failed.
Expected status code &amp;lt;200&amp;gt; but was &amp;lt;404&amp;gt;.
">
      <![CDATA[java.lang.AssertionError: 1 expectation failed.
Expected status code <200> but was <404>.

	at org.codehaus.groovy.runtime.callsite.ConstructorSite$ConstructorSiteNoUnwrap.callConstructor(ConstructorSite.java:84)
	at org.codehaus.groovy.runtime.callsite.AbstractCallSite.callConstructor(AbstractCallSite.java:247)
	at io.restassured.internal.ResponseSpecificationImpl$HamcrestAssertionClosure.validate(ResponseSpecificationImpl.groovy:483)
	at io.restassured.internal.ResponseSpecificationImpl$HamcrestAssertionClosure$validate$1.call(Unknown Source)
	at io.restassured.internal.ResponseSpecificationImpl.validateResponseIfRequired(ResponseSpecificationImpl.groovy:655)
	at org.codehaus.groovy.runtime.callsite.PogoMetaMethodSite$PogoCachedMethodSiteNoUnwrapNoCoerce.invoke(PogoMetaMethodSite.java:210)
	at org.codehaus.groovy.runtime.callsite.PogoMetaMethodSite.callCurrent(PogoMetaMethodSite.java:59)
	at org.codehaus.groovy.runtime.callsite.AbstractCallSite.callCurrent(AbstractCallSite.java:166)
	at io.restassured.internal.ResponseSpecificationImpl.statusCode(ResponseSpecificationImpl.groovy:123)
	at io.restassured.specification.ResponseSpecification$statusCode$0.callCurrent(Unknown Source)
	at io.restassured.internal.ResponseSpecificationImpl.statusCode(ResponseSpecificationImpl.groovy:131)
	at io.restassured.internal.ValidatableResponseOptionsImpl.statusCode(ValidatableResponseOptionsImpl.java:119)
	at com.samsung.kidsplay.CouponTest.couponIDCountry(CouponTest.java:55)
... Removed 35 stack frames]]>
    </failure>
  </testcase> <!-- couponIDCountry -->
  <testcase name="verifySecret" time="0.63" classname="com.samsung.kidsplay.AccountEndpointTest"/>
  <testcase name="getNextPayment" time="0.534" classname="com.samsung.kidsplay.PaymentEndpointTest"/>
  <testcase name="QAEnabled" time="0.487" classname="com.samsung.kidsplay.CheckEndPointTest"/>
  <testcase name="forgotPassword" time="1.482" classname="com.samsung.kidsplay.AccountEndpointTest"/>
  <testcase name="getPublishableStripeKey" time="0.493" classname="com.samsung.kidsplay.PaymentEndpointTest"/>
  <testcase name="useQAHub" time="0.498" classname="com.samsung.kidsplay.CheckEndPointTest"/>
  <testcase name="forgotPasswordResend" time="1.2" classname="com.samsung.kidsplay.AccountEndpointTest"/>
  <testcase name="getPublishableStripeKeyNext" time="0.495" classname="com.samsung.kidsplay.PaymentEndpointTest"/>
  <testcase name="clearSession" time="0.463" classname="com.samsung.kidsplay.CheckEndPointTest"/>
  <testcase name="changePassword" time="0.626" classname="com.samsung.kidsplay.AccountEndpointTest"/>
  <testcase name="getPlans" time="1.852" classname="com.samsung.kidsplay.PaymentEndpointTest"/>
  <testcase name="exists" time="0.527" classname="com.samsung.kidsplay.CheckEndPointTest"/>
  <testcase name="changeEmail" time="0.682" classname="com.samsung.kidsplay.AccountEndpointTest"/>
  <testcase name="getCatalogVersion" time="0.456" classname="com.samsung.kidsplay.PaymentEndpointTest"/>
  <testcase name="emailSupport" time="0.477" classname="com.samsung.kidsplay.AccountEndpointTest">
    <failure type="java.lang.AssertionError" message="1 expectation failed.
Expected status code &amp;lt;200&amp;gt; but was &amp;lt;404&amp;gt;.
">
      <![CDATA[java.lang.AssertionError: 1 expectation failed.
Expected status code <200> but was <404>.

	at org.codehaus.groovy.runtime.callsite.ConstructorSite$ConstructorSiteNoUnwrap.callConstructor(ConstructorSite.java:84)
	at org.codehaus.groovy.runtime.callsite.AbstractCallSite.callConstructor(AbstractCallSite.java:247)
	at io.restassured.internal.ResponseSpecificationImpl$HamcrestAssertionClosure.validate(ResponseSpecificationImpl.groovy:483)
	at io.restassured.internal.ResponseSpecificationImpl$HamcrestAssertionClosure$validate$1.call(Unknown Source)
	at io.restassured.internal.ResponseSpecificationImpl.validateResponseIfRequired(ResponseSpecificationImpl.groovy:655)
	at org.codehaus.groovy.runtime.callsite.PogoMetaMethodSite$PogoCachedMethodSiteNoUnwrapNoCoerce.invoke(PogoMetaMethodSite.java:210)
	at org.codehaus.groovy.runtime.callsite.PogoMetaMethodSite.callCurrent(PogoMetaMethodSite.java:59)
	at org.codehaus.groovy.runtime.callsite.AbstractCallSite.callCurrent(AbstractCallSite.java:166)
	at io.restassured.internal.ResponseSpecificationImpl.statusCode(ResponseSpecificationImpl.groovy:123)
	at io.restassured.specification.ResponseSpecification$statusCode$0.callCurrent(Unknown Source)
	at io.restassured.internal.ResponseSpecificationImpl.statusCode(ResponseSpecificationImpl.groovy:131)
	at io.restassured.internal.ValidatableResponseOptionsImpl.statusCode(ValidatableResponseOptionsImpl.java:119)
	at com.samsung.kidsplay.AccountEndpointTest.emailSupport(AccountEndpointTest.java:104)
... Removed 34 stack frames]]>
    </failure>
  </testcase> <!-- emailSupport -->
</testsuite> <!-- Test -->
