<?xml version="1.0" encoding="UTF-8"?>
<!-- Generated by org.testng.reporters.JUnitReportReporter -->
<testsuite skipped="0" hostname="2030002947" name="com.samsung.kidsplay.SchemaValidationTest" tests="1" failures="0" timestamp="15 Nov 2018 00:10:13 GMT" time="0.731" errors="1">
  <testcase name="validation" time="0.731" classname="com.samsung.kidsplay.SchemaValidationTest">
    <error type="java.io.FileNotFoundException" message="C:\Users\j.ganesan\Downloads\samsungkids\schema.json (The system cannot find the file specified)">
      <![CDATA[java.io.FileNotFoundException: C:\Users\j.ganesan\Downloads\samsungkids\schema.json (The system cannot find the file specified)
	at java.io.FileInputStream.open0(Native Method)
	at java.io.FileInputStream.open(Unknown Source)
	at java.io.FileInputStream.<init>(Unknown Source)
	at com.github.fge.jackson.JsonLoader.fromFile(JsonLoader.java:160)
	at com.samsung.kidsplay.TestBase.ValidationUtils.getJsonNode(ValidationUtils.java:29)
	at com.samsung.kidsplay.TestBase.ValidationUtils.getSchemaNode(ValidationUtils.java:54)
	at com.samsung.kidsplay.TestBase.ValidationUtils.isJsonValid(ValidationUtils.java:98)
	at com.samsung.kidsplay.SchemaValidationTest.validation(SchemaValidationTest.java:35)
	at sun.reflect.NativeMethodAccessorImpl.invoke0(Native Method)
	at sun.reflect.NativeMethodAccessorImpl.invoke(Unknown Source)
	at sun.reflect.DelegatingMethodAccessorImpl.invoke(Unknown Source)
	at java.lang.reflect.Method.invoke(Unknown Source)
	at org.testng.internal.MethodInvocationHelper.invokeMethod(MethodInvocationHelper.java:108)
	at org.testng.internal.Invoker.invokeMethod(Invoker.java:661)
	at org.testng.internal.Invoker.invokeTestMethod(Invoker.java:869)
	at org.testng.internal.Invoker.invokeTestMethods(Invoker.java:1193)
	at org.testng.internal.TestMethodWorker.invokeTestMethods(TestMethodWorker.java:126)
	at org.testng.internal.TestMethodWorker.run(TestMethodWorker.java:109)
	at org.testng.TestRunner.privateRun(TestRunner.java:744)
	at org.testng.TestRunner.run(TestRunner.java:602)
	at org.testng.SuiteRunner.runTest(SuiteRunner.java:380)
	at org.testng.SuiteRunner.runSequentially(SuiteRunner.java:375)
	at org.testng.SuiteRunner.privateRun(SuiteRunner.java:340)
	at org.testng.SuiteRunner.run(SuiteRunner.java:289)
	at org.testng.SuiteRunnerWorker.runSuite(SuiteRunnerWorker.java:52)
	at org.testng.SuiteRunnerWorker.run(SuiteRunnerWorker.java:86)
	at org.testng.TestNG.runSuitesSequentially(TestNG.java:1301)
	at org.testng.TestNG.runSuitesLocally(TestNG.java:1226)
	at org.testng.TestNG.runSuites(TestNG.java:1144)
	at org.testng.TestNG.run(TestNG.java:1115)
	at org.testng.remote.AbstractRemoteTestNG.run(AbstractRemoteTestNG.java:114)
	at org.testng.remote.RemoteTestNG.initAndRun(RemoteTestNG.java:251)
	at org.testng.remote.RemoteTestNG.main(RemoteTestNG.java:77)
]]>
    </error>
  </testcase> <!-- validation -->
</testsuite> <!-- com.samsung.kidsplay.SchemaValidationTest -->
